CLIENT_HANDSHAKE_TRAFFIC_SECRET 8ae5b5481642d886b948d410f0e07412cc6218576d5316475da5c86f935d5294 30515e7e2b0a83ab50700180a58a5f07303cbe9074791f65e551bec3c0a72616
SERVER_HANDSHAKE_TRAFFIC_SECRET 8ae5b5481642d886b948d410f0e07412cc6218576d5316475da5c86f935d5294 da3b1f5e145d7f59b3531e04c5bf50361a3a1ce6c02beb7fe1efafb3e089469f
CLIENT_TRAFFIC_SECRET_0 8ae5b5481642d886b948d410f0e07412cc6218576d5316475da5c86f935d5294 451acb3b3b65b98db73d4b66f65555443a5452bf2e2f86bae24e3fb6efbb6343
SERVER_TRAFFIC_SECRET_0 8ae5b5481642d886b948d410f0e07412cc6218576d5316475da5c86f935d5294 b8d10ade4643ad3b9f0c4fa107d01777c5ea0e3d9a0d63ce54043e957d08e2b8
EXPORTER_SECRET 8ae5b5481642d886b948d410f0e07412cc6218576d5316475da5c86f935d5294 bfbcc7ed507dc861ed0cce3036e99337ce4614a1870b22516cb5cd16c83c6838
CLIENT_RANDOM ef22c96b9b3ca031fb7a1d9ed878f15e05fb16e14c4a1a1ba32b8898f066b6c0 3072760e14c071bc7d39503b720d38c3a7ccc6d425ce5ec702cff1f2514498a8d18ddeeda36cd934e7f72e273c687e13
CLIENT_RANDOM 4b65fd2a1e7c99bdfe83bf0bf74593977d7cdac1b661720ce225ffec30421bf3 9b3904564f6ba98c2f9e3fad3ba648f9de9ab25a2f57ae86d3e7d9f7e78af9483fef967d4d9149d0707af0fe36467b9c
CLIENT_RANDOM fcf5f977cafca2458ece3235838734aefe70806c9ee2f667d326766cb5f60390 e9e26a2afe132870d0aae131cd2edaec4fc6aae7d3e706088f282c22e8b1346e5b2fa4ca6f4d57f6ad87fdf6a452a441
CLIENT_RANDOM f4e1a7f8c1aa7a6174e05b452e9a28ccc932ee23890c7a71ca714ab1ce43569a badf2783a51425ebc26dda4a85de26f42d3dc702de8e0f30c00e5964d744f427e3983b24b7e7d7fd18aff0c19db1a3ef
CLIENT_HANDSHAKE_TRAFFIC_SECRET 6cac3685ff841ede148169dfef9bddd2bdfe166169421c7e53d85592d6ac33ff d67c06646af27e11424a87cb5e98e64418d519da08700f02fd8cdeb7de9f6b0c
SERVER_HANDSHAKE_TRAFFIC_SECRET 6cac3685ff841ede148169dfef9bddd2bdfe166169421c7e53d85592d6ac33ff 9eeebeea7c421d88e43439ded43f1508e88bed718d69a51dc8839fdfe2f68f7b
CLIENT_TRAFFIC_SECRET_0 6cac3685ff841ede148169dfef9bddd2bdfe166169421c7e53d85592d6ac33ff a7163614ff0002f37e6f1dff8fc084c84f1bdf469bfe33affa367af7cd69e089
SERVER_TRAFFIC_SECRET_0 6cac3685ff841ede148169dfef9bddd2bdfe166169421c7e53d85592d6ac33ff 1f30251710ce9eea3a5f38b9c26e1915d96534478b5fcda5ec4e32144a1e5482
EXPORTER_SECRET 6cac3685ff841ede148169dfef9bddd2bdfe166169421c7e53d85592d6ac33ff 088cda6b91634a4362c13c744323df3e266c8bd2a52871d219451ba4cc6c2e51
CLIENT_RANDOM 87c917cefbcd3cd1aa9662bd933f702bdb2eddf4cb449091136ae3cf17e562b5 4574e48e0d9a247c6f62c30e3b3cab098a9b0162d73eef7d0d4e602760ef31def6e1c776172303b40c5ad1c8aa2fd86f
CLIENT_RANDOM feff0531aa254b6ccd798b9a8af372346052a43fa0567dc72a1135b3d8b297ec 02fafc3127113f6a02546405881c698ced10c5dc76e2a95505af108efbd87c660a954e8f8dd0bf0796ea5106f911a034
CLIENT_RANDOM 9f9ee8e7334d541bce8d555fab84f106d7dded3b89ba7809de03d633058ec93a efb839dfb5b8970434c47c53dcc961074d6333e9ee766a0c5c9a5b5ff4e856240162f4ea5950b9b4344d88166a9e604c
CLIENT_RANDOM cb1581ac39bfc1813f9e60522f7a6524949049ae99ad69e97011f18607e3489d 4aa4adac47c97ae5af2c62842a5da2e2ffc60e66a8717f058c6489672b6d83ea885aee6d97ccebc9ec0139f5746b7b5b
CLIENT_RANDOM 229535514e3161768ea6f137de989e8a7a776802e1d01f236b832bcc2ceb8d7a c3555a77ce4d8e719e25eb352424f696176baa8f3ebed29d554ccf204b37db3b446d1c42f328cb94bd575e99bb6e1120
CLIENT_RANDOM deb4d53a3adb5a23deeb45853152321f5e9d5fd59a67695478a50ae1028cfedb e0b0bdd2de86fbe46a3e513a12e16b916d3bc5ba403c1703f755c826d0dc718ee7b9193735c528a8e066505252d31029
CLIENT_RANDOM b056dcf6ab5516acf528687a0182eea797b8ea3835b2ac5b15b83cf2d8009b7b 9de601e4e0f7e4dd37b1cc0680a377c4ec2c17c3002810d58250b2a24db15e237345369371e41b036a1d8004af2258ec
CLIENT_RANDOM bde94a828d814a272177c4957d76ace3fd3866739813cef184fecfa53e812d7b 916992b1e047753cf8adb246e7a76ea050c770f4fb35e7d6bf6e05599880273dfe10e810bd985efc4dd2b8d93c15afda
CLIENT_RANDOM a87067536a68f55fda9525fb52941ec7c7426ef8bfd216392b688146307fee9d d10e9088d2e49f7c8984114eea9359124bf31c25746f0b0b9f901292989f4776f56ff46b34128738ca5261283cdc3392
CLIENT_RANDOM f1fe1373d16fcc662d13ee9999ff9ae5037365fe041811201d8851e73b9a371b b62fa1791a00c59194fe6e765049b2115699a034b03dc7ff7c52e307c0b92123ae4ee4ad9f76520278b37e6aa7f3bca2
CLIENT_RANDOM 403fff4b7633d000741ad57d0f50fda4e588f55c01fc4fb5363c582c4dd691a6 22cc500a9a43acd2304b7d2c6aa3c3e64bc84d690672651b4d4d11278bcd338286b81ae0eec35e8337219b7a12cd6549
CLIENT_RANDOM 2031ca5ac1a1f4b3f957bb4c2b3cec21c8681938d6ed557c5ef9d5a5347a3b08 01aff28195c0a9b4bb5ad410375e2d3071a39f8f12e96caee886917011fc88230c66e1d107d8e1edb645c45b03d6cbad
CLIENT_RANDOM ccd9a567b78a6ce4101bc9046e030ea5bf88c7d92078085c483866a8f41aa556 efb839dfb5b8970434c47c53dcc961074d6333e9ee766a0c5c9a5b5ff4e856240162f4ea5950b9b4344d88166a9e604c
CLIENT_RANDOM 2ed8a1715ef698c1af3b53f10f60c8a9484075254f84de6c54b9085321988668 efb839dfb5b8970434c47c53dcc961074d6333e9ee766a0c5c9a5b5ff4e856240162f4ea5950b9b4344d88166a9e604c
CLIENT_RANDOM 09a8e8eaef693a1440d800988585b4184a32ecad77977e9fc1e03190aa5aa81b 9cf4c5781a6c44ff98b5903ee3300714fa346f6e9ffed02d2b0be8d33640bae70afea8a36297470121a0e79ba010a594
CLIENT_RANDOM 0849b5b3af3f6d122e3a1e9db4b45d3b32f3ea163126ef35ffcc2abf7edb22ae b6211a55f8910954674ccaad402fadf9342bbbf872bb813819c2de06f7249d2970bfc6f7848c8288eb43b22437f9a4fa
CLIENT_HANDSHAKE_TRAFFIC_SECRET 57a7d7e4c6dce9b241acb194c3bbbb646755c5fc0df4873496b2e6d1fb7209f4 3d8767c20a6ab7cae7521305509563f758a111835253a0a0bf8e1fc11a9cb184
SERVER_HANDSHAKE_TRAFFIC_SECRET 57a7d7e4c6dce9b241acb194c3bbbb646755c5fc0df4873496b2e6d1fb7209f4 ef6b7f2099da2b48203830a97e5db52ffdee8af087ea37131c0ba148d6955f32
CLIENT_TRAFFIC_SECRET_0 57a7d7e4c6dce9b241acb194c3bbbb646755c5fc0df4873496b2e6d1fb7209f4 a1b084cf0ddf4cdc3df29764a95e6cfa1a7bcf881fd842acb57a3854370fe435
SERVER_TRAFFIC_SECRET_0 57a7d7e4c6dce9b241acb194c3bbbb646755c5fc0df4873496b2e6d1fb7209f4 eae6baae856f6061281696f98f838ed5ef8c9a5c9fd50e3a24058c818cfbacd7
EXPORTER_SECRET 57a7d7e4c6dce9b241acb194c3bbbb646755c5fc0df4873496b2e6d1fb7209f4 8f427e6cb3a873b896b435686b0b8df123e43e1f6860ceaa93e9d1225c9a868b
CLIENT_RANDOM fcade0698abfd67d54a1868cc7625c473fa8123f88464416bf429de0705c7851 abe2df1fd49cfd8b9c4e3293b0062be8032dc627793979f982634cd58ce8e033346325b788a2ae00c30bacbb2e4c43e4
CLIENT_RANDOM 6a02341a9b21e40d74f8d6c339c6ea00fb12a32cb5a85ac2fb58852e93ba21cf 8cfedb31bb6a536adac7ec82598d33493631f3a4a5c6b51c7c400b743c677abadc9df0153c47a43bd4a910e4da21f8e2
CLIENT_RANDOM b7c9d3b69c52a824ec33203ec0ff2d1b4fe418b839aced9ba9109b4fca935d48 76a8836e333e07544218bbd78ba9a93dd156a3a473ef24eabd1a109bc0eab8d6b838cd8677137cd19cf6a05a7ce80035
CLIENT_HANDSHAKE_TRAFFIC_SECRET 323980cb1596adc35c0e3b78e89447aa7b02ea1b4012669f990be0798e2c0bef dfbd7babcff7c3619b98da31a2d93b55fdcb3733b1f2f24c017ce936065c8b8a
SERVER_HANDSHAKE_TRAFFIC_SECRET 323980cb1596adc35c0e3b78e89447aa7b02ea1b4012669f990be0798e2c0bef 4408e77536f24ac3377ecc377eb9684c8964224b817948e424b1b7db346687c0
CLIENT_TRAFFIC_SECRET_0 323980cb1596adc35c0e3b78e89447aa7b02ea1b4012669f990be0798e2c0bef a94c3f7d9144a4b6cd132f1ecd3843b6d9af76a995fdda380ce9673dd33aaaa7
SERVER_TRAFFIC_SECRET_0 323980cb1596adc35c0e3b78e89447aa7b02ea1b4012669f990be0798e2c0bef c1bb42222e9d345858b6461a0b703ed0930d95a41a215c4eb8e8de445a9a22b1
EXPORTER_SECRET 323980cb1596adc35c0e3b78e89447aa7b02ea1b4012669f990be0798e2c0bef c0baceb5fd37c1563c84be30b0c979e35a178724e7a18b21f65a4b79b13d5f10
CLIENT_RANDOM 70981b9a3660eff4f04e1d6a2cbc5402ed330d8f7081b9413c1d9dfe848b8839 965f81b949299a56e97ea3fc46e9725b39da741f19da1cef3d4f1e0a06d5137d72c49b35d0fa1d8c57804777bf0f6f43
CLIENT_RANDOM 2575d9a904885e7f3cabc8a9dae53b4e71742c740596d27d0d076d637e90f604 2392493bd137f06f6884e756607de6d94837b416f4a645e6b9c2d6cf72dd8afcae96c8b2f82be27715f127fc54584971
CLIENT_RANDOM 02c6e43de82ddb211a4636aa1a9ec2254925f8d1770318ee387d02b3d57f1d9d 1a8a2f3ecfd5d140ff73ac85bc366fa26b809085481848639f82cc26637e4c12fef750a4ab24ca9baee59c6b8ebeaee0
CLIENT_RANDOM 2541665a57d779853da28c6259e45316235f6db355a3facd570ec9bcca46e45c a3cf6850a157303f8bb88862a830568ff828434c98829ee584ad83fd96607e595d0e0a8b5c465767e2b4aa4c055611bf
CLIENT_HANDSHAKE_TRAFFIC_SECRET 0877b24f66aa1e7e8967a5c5c2183d406ca0178d25f19dcf04406c1bad210b20 3157a44dbd9301655e90bacba273438a405dce78175409160f19980b6fd0250b
SERVER_HANDSHAKE_TRAFFIC_SECRET 0877b24f66aa1e7e8967a5c5c2183d406ca0178d25f19dcf04406c1bad210b20 64409e49e8c9585814dbd6d2f718fc019eb33b1823067ef5f82ced95759787ad
CLIENT_TRAFFIC_SECRET_0 0877b24f66aa1e7e8967a5c5c2183d406ca0178d25f19dcf04406c1bad210b20 926c8725eb85051abe7e4e28a4781de5e138d8ca187ad56c327ae20d63f6f494
SERVER_TRAFFIC_SECRET_0 0877b24f66aa1e7e8967a5c5c2183d406ca0178d25f19dcf04406c1bad210b20 e8e41c9ba0b84555c8a41d503e4c706d5cf987d5401689763c03d4a3de18949e
EXPORTER_SECRET 0877b24f66aa1e7e8967a5c5c2183d406ca0178d25f19dcf04406c1bad210b20 ebab36ed1900acc3a1c962012555503adb9e16667925723436b79add523ec8e2
CLIENT_RANDOM 5f7a24dd093929561a10d9590620e6dd02f55c219086fcc43a7364111f2887be c1b3fcbc532bc4295b16c16b5e4cf9a8123a5a456c80591d4e4883ec08686162095a34b64d1f5b5a985a40f494fde9ef
CLIENT_RANDOM 87d1b3505be761ffff299a81205b13a1cb53f708be71229e8b0805b049d8e74e b0cc2e5ae841476473f9071dde4f29a6777f91ff15956c25ceb008905c98afe3d877cb0a4e3d3c2c43feba78e6af9301
CLIENT_HANDSHAKE_TRAFFIC_SECRET f315e72bf6e6858c156ec46e4186cb90439de438df81ea701bfb45b6123dc89c 4f62b077fe5d32d0cb1f96d2861cae63400d7f0a8d16a22ba02591ff7068efea
SERVER_HANDSHAKE_TRAFFIC_SECRET f315e72bf6e6858c156ec46e4186cb90439de438df81ea701bfb45b6123dc89c a5da0f570c02d4a8d81f9fbd4cd5c895519bd4a7daa44dcfea461999baf44bd0
CLIENT_TRAFFIC_SECRET_0 f315e72bf6e6858c156ec46e4186cb90439de438df81ea701bfb45b6123dc89c 27f9cb77894e518af933df829e2ae1b72eb99b69a242d8d3ecf3b2c4d0e1634b
SERVER_TRAFFIC_SECRET_0 f315e72bf6e6858c156ec46e4186cb90439de438df81ea701bfb45b6123dc89c 3bf32cd4efdad7ee95c9791a7279401c2823d28b103090bbb6dc8d892e7bb01f
EXPORTER_SECRET f315e72bf6e6858c156ec46e4186cb90439de438df81ea701bfb45b6123dc89c 5ee79179c67dccc91ebb532296a3f5d32aa0e77aa700e19727643a6ffe9f213d
CLIENT_RANDOM 74fb6edffb13d3a81ec91d79a450145d11b51a621f116a4149f8d6a42c901927 25e7ff9ec532244817c80eb78732ba47bce7c85c247f047ef6d33c62843bd3ce69aaf2db0da2397cce96e2c3478d5590
CLIENT_RANDOM 121a601f72373b95236884270de295af018b7013ad6833b53334c875cba6f011 e02fa8a9ec4fda22ae34de8ef7ce08644e82749f96cc35212ea2fe11c7cda78ba238cb8174bd5e7ebd1c08e939f72087
CLIENT_RANDOM 8751bdf012f41683c8a3a2df2d58a0d415dd717f7620a35b0cb6829ba4e3aa38 67e9a7b0b50db59f808f45eef37b6d29d588b53e7ad684373fed14855f2718f7256866658f90386058ca17f28e46d398
CLIENT_HANDSHAKE_TRAFFIC_SECRET 664e3e482557eee02187ea15cef73bb275ba483e0471dbef5fe45c12100e6301 33316442487a837368d3becf6973e915cc4d42cabe3a9eaac2fc3b982a984a80
SERVER_HANDSHAKE_TRAFFIC_SECRET 664e3e482557eee02187ea15cef73bb275ba483e0471dbef5fe45c12100e6301 493cb0886fc742f6f29439ae04031c9fa4037d35a9e378d990b596718a32c6f6
CLIENT_TRAFFIC_SECRET_0 664e3e482557eee02187ea15cef73bb275ba483e0471dbef5fe45c12100e6301 91d2b3dc21b26eb936ca1ef185cb8c673bf53a5292c3968423117c29c1d8d920
SERVER_TRAFFIC_SECRET_0 664e3e482557eee02187ea15cef73bb275ba483e0471dbef5fe45c12100e6301 2d4150d5e8af46215b6fa404eca021662c4f039045101446cabbb353d84ab4ad
EXPORTER_SECRET 664e3e482557eee02187ea15cef73bb275ba483e0471dbef5fe45c12100e6301 5320f2310d8876c6115564cbc6ad6b99969d81b87c142ce4f49add5b0d38dc29
CLIENT_RANDOM 767998ce6299c226b60adbb99914c71eea73b2d0585ba068f0d222a12299b9ea 56cc3fb3b099e2c5c45e518f3096dd1c81d28b6da63bef2a6920e7f9112da7bac7a773fea34ad451bc6a4bbca86c9cb5
CLIENT_RANDOM a6296c93f235bd530f99d3231e364a4e63dbca890199719a2aef5f1ada37a917 f757c964ba136d82dca29b8253629dbeb5a961d91c685753d39ba926f0e681616b4fbc2bb3b2265e78c2daa635f3bf80
CLIENT_RANDOM 64ded1e2c79504a10d65993cf62cea23aaaa41654adb630f764eceb365c544fc 2ac2876c68576ba3bc3b901eba9978581330e48eb8d7d02a46e7f5db1322fa9080ea30b6fa2becde9b24e48e31814da2
CLIENT_RANDOM d9bc271161e2032adfa70bb40565a27a79941b2daacc018216e21eeb9f9c4dc7 94745a3658015b11bdbbb8ff73af817494c87d16cbe8292a6b628c47d8a892bf45c61b9fecd655992f497c9dca34ab4e
CLIENT_RANDOM f6b842f88b8d4650f202c6da7c448802074fe1c9eda13984a61270866ec235d4 099ced21c00e40acbd3f4e47f99c52426373c07d84015b3cc0cd53bb3cd2d122b57b37cdd37324a6f8bc1be9ce7e5c1c
CLIENT_RANDOM b53a6d1a9440b3060fcf81a583f1e7b346c2fbfbb362037ec535f0c7e28d6a92 37fe576e396029fc75f1c52c36ec9f445fdda1ffbe52a1d827c049d17901b6bfe326eeccef18e13bde11903b40449dc1
CLIENT_RANDOM d4581f5b4768d22fbdb8c236e42ebb8fd8860755763006d61eba17885045a059 4bfd90fb7208364b800b2285c1e6172d8cffba24c52ccdf5d560cd472fde19db469d505270ae0ab4f0423da703950d1e
CLIENT_RANDOM 67c1b6c95d37402fbbc17cb03aff62eae6b1ef00859e6139851ac3af8d85aa7a 63190d0b64350b0f78f3d130522ee20a426e09a0f6f0bb95ad077903264e69f189b9b88111e504cd92a90d384499a94c
CLIENT_RANDOM fe63147aa11b9800392d204aec8da117e3abc74995487f3153bda2ca440febe5 2449f2e6dc256368b563f1e0f8c3a8264011f42f7a11461d01784698a8e98f2ff2463f389d01254ce05e090e9d56e8a9
CLIENT_RANDOM 61e4040de8a1ec500c7b6f0732a41c9e0b966d705e814cbaebb373fb66f93fed f091dd4624aaa4d2c40c8faa374b6f69ae6a1b34f5fd5ed5977e03fc029bc053d1c3d19a1fbb68f4105c07308122c325
CLIENT_RANDOM b6e92e4ae590ea14facc2f0039fbf8df68e40c525e0ffa86f55b946e08121c09 3347a60cf9484c2cb88c7234a9ec1fe631e1c041350eea80e13ab16958b613121dff201f3a5d922713fd3b39bf5d34f6
CLIENT_RANDOM 8abe410492829cf915d7351f16c087c9fc5eb99262f7ec9686543a3dcede371a e7a3c8ebafc1b11cbc9af5e6e480b28c2bfc04e1128b8af237c7ac4ed89478ad067410e15775e02e01f4dd4f0b79b702
CLIENT_RANDOM d96e530fb1895a41d7b1b0681fe3a84157ab120453a234c6313fe7d0f691c32e b71d1d8b77ca6b7ddd13f74af3c287263643182575eea02b85a1b40ef6acc75e39cb4faf6da6b0663a6dacddb27c8c11
CLIENT_RANDOM 75d549d7674d7eb72506ad9b19f7043f36c37306e0e35a8ff2cd8a73d1e4fdcb 45f8c2c2468b9b9c8c041d4d645386793f07b2c240f8d40ca6c6bab7693ffa5556a872ab3e996df945fb3641e4dda5a2
CLIENT_RANDOM b0427ba2bd3ffd29b451c30800a783f392c822cc5f351752588329caf20e13a3 0ef4aed9d9b198ef20db3f3acc46ef03ad9257e138398094389ed33f4acb76961b38ffc432a2870aa5368bd233141049
CLIENT_RANDOM f497d055fe9aabf7743d60de8ea179705aad173dd1b45303334e5ebc40d61a68 89534199db0914da9936c403b7c8d47a7024cf4aa4ba5f36bf1e671b14f2e127fa0d94d5214abc9e07b2d15e3966ff22
CLIENT_RANDOM 498853b9aacf90ca348bbc86f871471350eb8b3377fd31b5c05ed134884c3138 174397baf52701fcda47d26ae9cb233c4de1897539a126d7fa2b2b5fae213e91602f2ee22d91d5645d1b4a1285f5631f
CLIENT_RANDOM 28703e7ea929f11649499ec09f1ff4558b9129e166391b542b8af4f5e67a01d6 a5425b27af30db9cb271e2a0f12ad76fcf23eacb57b8a88215e4d6e66b1d36ca25f169aa68e5d0e67c6967c3a2182fd7
CLIENT_HANDSHAKE_TRAFFIC_SECRET a0916a7ad67dbea86fe9ec66c3c7aca709b4c817267da05310ca73b1f669db5a eb3d1d5a0bd1f6bd849216b9f18bac5dd031f244f12872e2b984d74ca48daa22
SERVER_HANDSHAKE_TRAFFIC_SECRET a0916a7ad67dbea86fe9ec66c3c7aca709b4c817267da05310ca73b1f669db5a 28afd52a5771eb305e2d54725a617f915a3d8493b06488ac2bfeb41893c17f18
CLIENT_TRAFFIC_SECRET_0 a0916a7ad67dbea86fe9ec66c3c7aca709b4c817267da05310ca73b1f669db5a d139face647b72691a113d8697ba19338d2f1cf78f03918a89adeb934328c52b
SERVER_TRAFFIC_SECRET_0 a0916a7ad67dbea86fe9ec66c3c7aca709b4c817267da05310ca73b1f669db5a 74d18a82fa86710708c540a793e1f310c3ccb3d411fbc40f605dfe1d6d8bbe39
EXPORTER_SECRET a0916a7ad67dbea86fe9ec66c3c7aca709b4c817267da05310ca73b1f669db5a 297eef51a0d9d36fbe2f3f2f6334bf32863c6912d025223657558867a31e2deb
CLIENT_RANDOM d26b8bbe3499cd4baab6998d6f4cb4502ca94bc7e97415be4671be0d20c9b42a ba1003268448a0fd55085126256f8d8fcf609e72fea890f90e01851f49ba62419fceee0b0d78aaf6bb6391d01a6efb3b
CLIENT_RANDOM 6ee789d099ce8352fbf4321c75396f61b269cd1bf79b21e6c7f9af8f57815896 e39a7ca1b32606f24b5066bf5e7f867aa0bcbe2dfd077fccb3abd6e74754b387a55dda3fa304e2e7566ef2a62d46ac62
CLIENT_RANDOM 830b98e152e70f9dd8aa4a4bb0182f232657d9ebdeb76bff277cb316b76a07a0 75e08decb5a2aba076fd8169cacbe13d90ca9353909ba9ccf74e1de2aa2049e589cea35c889264c8fc13b7e61768a48f
CLIENT_RANDOM 3bfc04f47d536a9aa5f8ecb815faef131a2760d096bf44fa7cca441f09916d3f b0cc2e5ae841476473f9071dde4f29a6777f91ff15956c25ceb008905c98afe3d877cb0a4e3d3c2c43feba78e6af9301
CLIENT_RANDOM 280d394813d1d22fdff07b669621b231345ac24169e065e15c9a0186b5bb6710 5f2ac692a6ee3582d85c3f3b610255e1ef8bcb51d1c6504840f1bfc0c7b77c20f29fb8eed7269573b159026fde53259c
CLIENT_RANDOM c745e20c6eca9b793a7ba48ba55c22d46894e0445d2874bd600e2736257426be d8c68cb06dfb28caf3fc0c803e8fe8a41ee638bf1aa061ee55816343c20f9d27ece63a4b31f2bc1113d2f98cbc2635b1
CLIENT_RANDOM d01268af0fc192f1687e539a70147160321e6d81757c6ed0804b39ad6e477a1a 099ced21c00e40acbd3f4e47f99c52426373c07d84015b3cc0cd53bb3cd2d122b57b37cdd37324a6f8bc1be9ce7e5c1c
CLIENT_RANDOM 459f0034ad6bb9a05151f6cd882b7ff04c86bf5a529adf36ee4dcdd5947aab38 4de7e6b24265d774fac94e5d5ed222f74abf9ab2b9e48dc3f5b3291eec5e2891a30a3e84f069e1df24f6f2fbb8c93be5
CLIENT_RANDOM cb1b6818eee147be7b253b0b0456f867590039b51fc91fef8b742b81a520d4e7 532aa98793bb925856f25cc6a376fffb0b81994c9c90b4e14941e250d39cac0ddaeb5c39cac1b80fefc5e0647deb27f8
CLIENT_RANDOM 2cec0aae7f864c0451fe5a26ea5e74510fef16fd92728566a7d4b7fd155d04ec 304231c1f6c55117169ff434592da5b634618f6edfbbca23017a0ac82be96e53d2df5a96c3d4468c7a766cfd97f28ac1
CLIENT_RANDOM 768d382b619b8d20bba7eef393097b73644f36c302983a7838f2d619f1bb1102 3347a60cf9484c2cb88c7234a9ec1fe631e1c041350eea80e13ab16958b613121dff201f3a5d922713fd3b39bf5d34f6
CLIENT_RANDOM 4b7d6c94387f957e30df2df5b43c6b4936823d443f675a93b753cee1f831da93 d4b239e1fd12d843a6896fa80a05d1e4eefa8911d6241102408d61247d519233b58336c576da80c6b1bec53cbcd0ec72
CLIENT_RANDOM 4119b9db1e7969377fbde143bc7a7266811a21791b9ee8449be6bdeb7d12586e 07f61427ee37cdbd0f3d31509f65e039682cda0aacc9dccfe3e2731caf0eedad1bb640323c9e9bbd0310405169cf72cb
CLIENT_RANDOM c80e1565106ee629a9ba3b952847f686554673cb19bb6ec332aa5ed3daedda66 e444f98011049a7ce00104b9e04f9134b8469f7681644373af0c843a5ac4daaf60ee81caffd2d27af4acce1638820298
CLIENT_RANDOM 946a08acea66ae232a7b1940955be42d9f7cfa241089b71753283c0bb1cb0769 4727a4f127ce00a3f574992c3c0389bc84d44c7fac85a98eaf066a76c069eecaf181cbcdc9f467b3e6a5073f4bc3d3b2
CLIENT_RANDOM 1b5b790127276969a4c551794fc5eeadc2b9cc37a021e4a780cfb745bd20afd5 48a5c8e6b1531b4d14795443c97a8af247a6d660068af6a5c000eeb0c42f60ab64206a5217b3d2da5821f1f75d05c37c
